{"/home/lucca/Schreibtisch/repos/cgaa/src/main.ts": {"path":"/home/lucca/Schreibtisch/repos/cgaa/src/main.ts","all":false,"statementMap":{"0":{"start":{"line":1,"column":0},"end":{"line":1,"column":37}},"1":{"start":{"line":2,"column":0},"end":{"line":2,"column":49}},"2":{"start":{"line":3,"column":0},"end":{"line":3,"column":45}},"3":{"start":{"line":4,"column":0},"end":{"line":4,"column":45}},"4":{"start":{"line":5,"column":0},"end":{"line":5,"column":47}},"6":{"start":{"line":7,"column":0},"end":{"line":7,"column":50}},"10":{"start":{"line":11,"column":0},"end":{"line":11,"column":39}},"11":{"start":{"line":12,"column":0},"end":{"line":12,"column":13}},"12":{"start":{"line":13,"column":0},"end":{"line":13,"column":14}},"13":{"start":{"line":14,"column":0},"end":{"line":14,"column":14}},"14":{"start":{"line":15,"column":0},"end":{"line":15,"column":27}},"15":{"start":{"line":16,"column":0},"end":{"line":16,"column":29}},"16":{"start":{"line":17,"column":0},"end":{"line":17,"column":10}},"17":{"start":{"line":18,"column":0},"end":{"line":18,"column":20}},"18":{"start":{"line":19,"column":0},"end":{"line":19,"column":34}},"19":{"start":{"line":20,"column":0},"end":{"line":20,"column":4}},"20":{"start":{"line":21,"column":0},"end":{"line":21,"column":57}},"21":{"start":{"line":22,"column":0},"end":{"line":22,"column":2}},"23":{"start":{"line":24,"column":0},"end":{"line":24,"column":32}}},"s":{"0":1,"1":1,"2":1,"3":1,"4":1,"6":1,"10":1,"11":1,"12":1,"13":1,"14":1,"15":1,"16":1,"17":1,"18":1,"19":1,"20":1,"21":1,"23":1},"branchMap":{},"b":{},"fnMap":{},"f":{}}
,"/home/lucca/Schreibtisch/repos/cgaa/src/vite-env.d.ts": {"path":"/home/lucca/Schreibtisch/repos/cgaa/src/vite-env.d.ts","all":true,"statementMap":{},"s":{},"branchMap":{"0":{"type":"branch","line":1,"loc":{"start":{"line":1,"column":37},"end":{"line":1,"column":37}},"locations":[{"start":{"line":1,"column":37},"end":{"line":1,"column":37}}]}},"b":{"0":[1]},"fnMap":{"0":{"name":"(empty-report)","decl":{"start":{"line":1,"column":37},"end":{"line":1,"column":37}},"loc":{"start":{"line":1,"column":37},"end":{"line":1,"column":37}},"line":1}},"f":{"0":1}}
,"/home/lucca/Schreibtisch/repos/cgaa/src/components/BaseComponent.ts": {"path":"/home/lucca/Schreibtisch/repos/cgaa/src/components/BaseComponent.ts","all":false,"statementMap":{"9":{"start":{"line":10,"column":0},"end":{"line":10,"column":37}},"10":{"start":{"line":11,"column":0},"end":{"line":11,"column":25}},"11":{"start":{"line":12,"column":0},"end":{"line":12,"column":52}},"13":{"start":{"line":14,"column":0},"end":{"line":14,"column":40}},"14":{"start":{"line":15,"column":0},"end":{"line":15,"column":30}},"15":{"start":{"line":16,"column":0},"end":{"line":16,"column":36}},"16":{"start":{"line":17,"column":0},"end":{"line":17,"column":3}},"18":{"start":{"line":19,"column":0},"end":{"line":19,"column":66}},"19":{"start":{"line":20,"column":0},"end":{"line":20,"column":42}},"20":{"start":{"line":21,"column":0},"end":{"line":21,"column":41}},"21":{"start":{"line":22,"column":0},"end":{"line":22,"column":5}},"22":{"start":{"line":23,"column":0},"end":{"line":23,"column":51}},"23":{"start":{"line":24,"column":0},"end":{"line":24,"column":3}},"25":{"start":{"line":26,"column":0},"end":{"line":26,"column":69}},"26":{"start":{"line":27,"column":0},"end":{"line":27,"column":53}},"27":{"start":{"line":28,"column":0},"end":{"line":28,"column":20}},"28":{"start":{"line":29,"column":0},"end":{"line":29,"column":48}},"29":{"start":{"line":30,"column":0},"end":{"line":30,"column":23}},"30":{"start":{"line":31,"column":0},"end":{"line":31,"column":35}},"31":{"start":{"line":32,"column":0},"end":{"line":32,"column":7}},"32":{"start":{"line":33,"column":0},"end":{"line":33,"column":5}},"33":{"start":{"line":34,"column":0},"end":{"line":34,"column":3}},"35":{"start":{"line":36,"column":0},"end":{"line":36,"column":55}},"36":{"start":{"line":37,"column":0},"end":{"line":37,"column":53}},"37":{"start":{"line":38,"column":0},"end":{"line":38,"column":20}},"38":{"start":{"line":39,"column":0},"end":{"line":39,"column":57}},"39":{"start":{"line":40,"column":0},"end":{"line":40,"column":5}},"40":{"start":{"line":41,"column":0},"end":{"line":41,"column":3}},"42":{"start":{"line":43,"column":0},"end":{"line":43,"column":26}},"43":{"start":{"line":44,"column":0},"end":{"line":44,"column":32}},"44":{"start":{"line":45,"column":0},"end":{"line":45,"column":3}},"47":{"start":{"line":48,"column":0},"end":{"line":48,"column":1}}},"s":{"9":1,"10":24,"11":24,"13":24,"14":24,"15":24,"16":24,"18":24,"19":4,"20":4,"21":4,"22":4,"23":4,"25":24,"26":1,"27":1,"28":1,"29":1,"30":1,"31":1,"32":1,"33":1,"35":24,"36":6,"37":6,"38":4,"39":4,"40":6,"42":24,"43":3,"44":3,"47":24},"branchMap":{"0":{"type":"branch","line":10,"loc":{"start":{"line":10,"column":36},"end":{"line":48,"column":1}},"locations":[{"start":{"line":10,"column":36},"end":{"line":48,"column":1}}]},"1":{"type":"branch","line":14,"loc":{"start":{"line":14,"column":2},"end":{"line":17,"column":3}},"locations":[{"start":{"line":14,"column":2},"end":{"line":17,"column":3}}]},"2":{"type":"branch","line":19,"loc":{"start":{"line":19,"column":12},"end":{"line":24,"column":3}},"locations":[{"start":{"line":19,"column":12},"end":{"line":24,"column":3}}]},"3":{"type":"branch","line":26,"loc":{"start":{"line":26,"column":12},"end":{"line":34,"column":3}},"locations":[{"start":{"line":26,"column":12},"end":{"line":34,"column":3}}]},"4":{"type":"branch","line":36,"loc":{"start":{"line":36,"column":12},"end":{"line":41,"column":3}},"locations":[{"start":{"line":36,"column":12},"end":{"line":41,"column":3}}]},"5":{"type":"branch","line":38,"loc":{"start":{"line":38,"column":19},"end":{"line":40,"column":5}},"locations":[{"start":{"line":38,"column":19},"end":{"line":40,"column":5}}]},"6":{"type":"branch","line":39,"loc":{"start":{"line":39,"column":24},"end":{"line":39,"column":55}},"locations":[{"start":{"line":39,"column":24},"end":{"line":39,"column":55}}]},"7":{"type":"branch","line":43,"loc":{"start":{"line":43,"column":9},"end":{"line":45,"column":3}},"locations":[{"start":{"line":43,"column":9},"end":{"line":45,"column":3}}]}},"b":{"0":[24],"1":[24],"2":[4],"3":[1],"4":[6],"5":[4],"6":[3],"7":[3]},"fnMap":{"0":{"name":"<instance_members_initializer>","decl":{"start":{"line":10,"column":36},"end":{"line":48,"column":1}},"loc":{"start":{"line":10,"column":36},"end":{"line":48,"column":1}},"line":10},"1":{"name":"BaseComponent","decl":{"start":{"line":14,"column":2},"end":{"line":17,"column":3}},"loc":{"start":{"line":14,"column":2},"end":{"line":17,"column":3}},"line":14},"2":{"name":"addListener","decl":{"start":{"line":19,"column":12},"end":{"line":24,"column":3}},"loc":{"start":{"line":19,"column":12},"end":{"line":24,"column":3}},"line":19},"3":{"name":"removeListener","decl":{"start":{"line":26,"column":12},"end":{"line":34,"column":3}},"loc":{"start":{"line":26,"column":12},"end":{"line":34,"column":3}},"line":26},"4":{"name":"emit","decl":{"start":{"line":36,"column":12},"end":{"line":41,"column":3}},"loc":{"start":{"line":36,"column":12},"end":{"line":41,"column":3}},"line":36},"5":{"name":"destroy","decl":{"start":{"line":43,"column":9},"end":{"line":45,"column":3}},"loc":{"start":{"line":43,"column":9},"end":{"line":45,"column":3}},"line":43}},"f":{"0":24,"1":24,"2":4,"3":1,"4":6,"5":3}}
,"/home/lucca/Schreibtisch/repos/cgaa/src/components/Enemy.ts": {"path":"/home/lucca/Schreibtisch/repos/cgaa/src/components/Enemy.ts","all":false,"statementMap":{"0":{"start":{"line":1,"column":0},"end":{"line":1,"column":40}},"10":{"start":{"line":11,"column":0},"end":{"line":11,"column":42}},"11":{"start":{"line":12,"column":0},"end":{"line":12,"column":40}},"12":{"start":{"line":13,"column":0},"end":{"line":13,"column":24}},"13":{"start":{"line":14,"column":0},"end":{"line":14,"column":25}},"14":{"start":{"line":15,"column":0},"end":{"line":15,"column":25}},"15":{"start":{"line":16,"column":0},"end":{"line":16,"column":57}},"16":{"start":{"line":17,"column":0},"end":{"line":17,"column":34}},"18":{"start":{"line":19,"column":0},"end":{"line":19,"column":36}},"19":{"start":{"line":20,"column":0},"end":{"line":20,"column":18}},"20":{"start":{"line":21,"column":0},"end":{"line":21,"column":37}},"21":{"start":{"line":22,"column":0},"end":{"line":22,"column":39}},"22":{"start":{"line":23,"column":0},"end":{"line":23,"column":38}},"23":{"start":{"line":24,"column":0},"end":{"line":24,"column":40}},"26":{"start":{"line":27,"column":0},"end":{"line":27,"column":48}},"27":{"start":{"line":28,"column":0},"end":{"line":28,"column":20}},"28":{"start":{"line":29,"column":0},"end":{"line":29,"column":20}},"29":{"start":{"line":30,"column":0},"end":{"line":30,"column":31}},"30":{"start":{"line":31,"column":0},"end":{"line":31,"column":6}},"33":{"start":{"line":34,"column":0},"end":{"line":34,"column":44}},"34":{"start":{"line":35,"column":0},"end":{"line":35,"column":27}},"35":{"start":{"line":36,"column":0},"end":{"line":36,"column":3}},"37":{"start":{"line":38,"column":0},"end":{"line":38,"column":35}},"39":{"start":{"line":40,"column":0},"end":{"line":40,"column":49}},"40":{"start":{"line":41,"column":0},"end":{"line":41,"column":31}},"41":{"start":{"line":42,"column":0},"end":{"line":42,"column":26}},"42":{"start":{"line":43,"column":0},"end":{"line":43,"column":64}},"43":{"start":{"line":44,"column":0},"end":{"line":44,"column":19}},"44":{"start":{"line":45,"column":0},"end":{"line":45,"column":17}},"45":{"start":{"line":46,"column":0},"end":{"line":46,"column":11}},"46":{"start":{"line":47,"column":0},"end":{"line":47,"column":21}},"47":{"start":{"line":48,"column":0},"end":{"line":48,"column":9}},"48":{"start":{"line":49,"column":0},"end":{"line":49,"column":5}},"50":{"start":{"line":51,"column":0},"end":{"line":51,"column":49}},"51":{"start":{"line":52,"column":0},"end":{"line":52,"column":31}},"52":{"start":{"line":53,"column":0},"end":{"line":53,"column":26}},"53":{"start":{"line":54,"column":0},"end":{"line":54,"column":64}},"54":{"start":{"line":55,"column":0},"end":{"line":55,"column":19}},"55":{"start":{"line":56,"column":0},"end":{"line":56,"column":17}},"56":{"start":{"line":57,"column":0},"end":{"line":57,"column":11}},"57":{"start":{"line":58,"column":0},"end":{"line":58,"column":21}},"58":{"start":{"line":59,"column":0},"end":{"line":59,"column":19}},"59":{"start":{"line":60,"column":0},"end":{"line":60,"column":9}},"60":{"start":{"line":61,"column":0},"end":{"line":61,"column":5}},"61":{"start":{"line":62,"column":0},"end":{"line":62,"column":3}},"63":{"start":{"line":64,"column":0},"end":{"line":64,"column":67}},"64":{"start":{"line":65,"column":0},"end":{"line":65,"column":25}},"65":{"start":{"line":66,"column":0},"end":{"line":66,"column":3}},"67":{"start":{"line":68,"column":0},"end":{"line":68,"column":43}},"68":{"start":{"line":69,"column":0},"end":{"line":69,"column":28}},"70":{"start":{"line":71,"column":0},"end":{"line":71,"column":26}},"71":{"start":{"line":72,"column":0},"end":{"line":72,"column":34}},"74":{"start":{"line":75,"column":0},"end":{"line":75,"column":44}},"75":{"start":{"line":76,"column":0},"end":{"line":76,"column":25}},"76":{"start":{"line":77,"column":0},"end":{"line":77,"column":32}},"77":{"start":{"line":78,"column":0},"end":{"line":78,"column":7}},"78":{"start":{"line":79,"column":0},"end":{"line":79,"column":7}},"80":{"start":{"line":81,"column":0},"end":{"line":81,"column":27}},"81":{"start":{"line":82,"column":0},"end":{"line":82,"column":17}},"82":{"start":{"line":83,"column":0},"end":{"line":83,"column":5}},"83":{"start":{"line":84,"column":0},"end":{"line":84,"column":3}},"85":{"start":{"line":86,"column":0},"end":{"line":86,"column":30}},"86":{"start":{"line":87,"column":0},"end":{"line":87,"column":23}},"87":{"start":{"line":88,"column":0},"end":{"line":88,"column":3}},"89":{"start":{"line":90,"column":0},"end":{"line":90,"column":23}},"90":{"start":{"line":91,"column":0},"end":{"line":91,"column":23}},"91":{"start":{"line":92,"column":0},"end":{"line":92,"column":34}},"92":{"start":{"line":93,"column":0},"end":{"line":93,"column":34}},"93":{"start":{"line":94,"column":0},"end":{"line":94,"column":22}},"94":{"start":{"line":95,"column":0},"end":{"line":95,"column":3}},"96":{"start":{"line":97,"column":0},"end":{"line":97,"column":34}},"101":{"start":{"line":102,"column":0},"end":{"line":102,"column":15}},"102":{"start":{"line":103,"column":0},"end":{"line":103,"column":12}},"103":{"start":{"line":104,"column":0},"end":{"line":104,"column":48}},"104":{"start":{"line":105,"column":0},"end":{"line":105,"column":53}},"105":{"start":{"line":106,"column":0},"end":{"line":106,"column":49}},"106":{"start":{"line":107,"column":0},"end":{"line":107,"column":51}},"108":{"start":{"line":109,"column":0},"end":{"line":109,"column":3}},"110":{"start":{"line":111,"column":0},"end":{"line":111,"column":45}},"111":{"start":{"line":112,"column":0},"end":{"line":112,"column":23}},"112":{"start":{"line":113,"column":0},"end":{"line":113,"column":3}},"114":{"start":{"line":115,"column":0},"end":{"line":115,"column":52}},"115":{"start":{"line":116,"column":0},"end":{"line":116,"column":38}},"116":{"start":{"line":117,"column":0},"end":{"line":117,"column":36}},"117":{"start":{"line":118,"column":0},"end":{"line":118,"column":49}},"118":{"start":{"line":119,"column":0},"end":{"line":119,"column":13}},"119":{"start":{"line":120,"column":0},"end":{"line":120,"column":5}},"122":{"start":{"line":123,"column":0},"end":{"line":123,"column":45}},"123":{"start":{"line":124,"column":0},"end":{"line":124,"column":45}},"124":{"start":{"line":125,"column":0},"end":{"line":125,"column":50}},"126":{"start":{"line":127,"column":0},"end":{"line":127,"column":23}},"128":{"start":{"line":129,"column":0},"end":{"line":129,"column":46}},"129":{"start":{"line":130,"column":0},"end":{"line":130,"column":46}},"131":{"start":{"line":132,"column":0},"end":{"line":132,"column":38}},"132":{"start":{"line":133,"column":0},"end":{"line":133,"column":35}},"133":{"start":{"line":134,"column":0},"end":{"line":134,"column":49}},"134":{"start":{"line":135,"column":0},"end":{"line":135,"column":12}},"135":{"start":{"line":136,"column":0},"end":{"line":136,"column":36}},"136":{"start":{"line":137,"column":0},"end":{"line":137,"column":49}},"137":{"start":{"line":138,"column":0},"end":{"line":138,"column":5}},"138":{"start":{"line":139,"column":0},"end":{"line":139,"column":3}},"140":{"start":{"line":141,"column":0},"end":{"line":141,"column":26}},"141":{"start":{"line":142,"column":0},"end":{"line":142,"column":20}},"142":{"start":{"line":143,"column":0},"end":{"line":143,"column":26}},"143":{"start":{"line":144,"column":0},"end":{"line":144,"column":3}},"144":{"start":{"line":145,"column":0},"end":{"line":145,"column":1}}},"s":{"0":1,"10":1,"11":12,"12":12,"13":12,"14":12,"15":12,"16":12,"18":12,"19":12,"20":12,"21":12,"22":12,"23":12,"26":12,"27":12,"28":12,"29":12,"30":12,"33":12,"34":12,"35":12,"37":12,"39":12,"40":12,"41":12,"42":12,"43":12,"44":12,"45":12,"46":12,"47":12,"48":12,"50":12,"51":12,"52":12,"53":12,"54":12,"55":12,"56":12,"57":12,"58":12,"59":12,"60":12,"61":12,"63":12,"64":6,"65":6,"67":12,"68":4,"70":3,"71":3,"74":3,"75":3,"76":3,"77":3,"78":3,"80":4,"81":2,"82":2,"83":4,"85":12,"86":1,"87":1,"89":12,"90":2,"91":2,"92":2,"93":2,"94":2,"96":12,"101":2,"102":2,"103":2,"104":2,"105":1,"106":1,"108":2,"110":12,"111":1,"112":1,"114":12,"115":6,"116":3,"117":3,"118":3,"119":3,"122":3,"123":3,"124":3,"126":6,"128":2,"129":2,"131":2,"132":2,"133":2,"134":6,"135":1,"136":1,"137":1,"138":6,"140":12,"141":1,"142":1,"143":1,"144":12},"branchMap":{"0":{"type":"branch","line":11,"loc":{"start":{"line":11,"column":41},"end":{"line":145,"column":1}},"locations":[{"start":{"line":11,"column":41},"end":{"line":145,"column":1}}]},"1":{"type":"branch","line":19,"loc":{"start":{"line":19,"column":2},"end":{"line":36,"column":3}},"locations":[{"start":{"line":19,"column":2},"end":{"line":36,"column":3}}]},"2":{"type":"branch","line":21,"loc":{"start":{"line":21,"column":24},"end":{"line":21,"column":37}},"locations":[{"start":{"line":21,"column":24},"end":{"line":21,"column":37}}]},"3":{"type":"branch","line":22,"loc":{"start":{"line":22,"column":25},"end":{"line":22,"column":39}},"locations":[{"start":{"line":22,"column":25},"end":{"line":22,"column":39}}]},"4":{"type":"branch","line":23,"loc":{"start":{"line":23,"column":25},"end":{"line":23,"column":38}},"locations":[{"start":{"line":23,"column":25},"end":{"line":23,"column":38}}]},"5":{"type":"branch","line":28,"loc":{"start":{"line":28,"column":13},"end":{"line":28,"column":20}},"locations":[{"start":{"line":28,"column":13},"end":{"line":28,"column":20}}]},"6":{"type":"branch","line":29,"loc":{"start":{"line":29,"column":13},"end":{"line":29,"column":20}},"locations":[{"start":{"line":29,"column":13},"end":{"line":29,"column":20}}]},"7":{"type":"branch","line":30,"loc":{"start":{"line":30,"column":13},"end":{"line":30,"column":31}},"locations":[{"start":{"line":30,"column":13},"end":{"line":30,"column":31}}]},"8":{"type":"branch","line":38,"loc":{"start":{"line":38,"column":10},"end":{"line":62,"column":3}},"locations":[{"start":{"line":38,"column":10},"end":{"line":62,"column":3}}]},"9":{"type":"branch","line":64,"loc":{"start":{"line":64,"column":9},"end":{"line":66,"column":3}},"locations":[{"start":{"line":64,"column":9},"end":{"line":66,"column":3}}]},"10":{"type":"branch","line":68,"loc":{"start":{"line":68,"column":9},"end":{"line":84,"column":3}},"locations":[{"start":{"line":68,"column":9},"end":{"line":84,"column":3}}]},"11":{"type":"branch","line":69,"loc":{"start":{"line":69,"column":21},"end":{"line":69,"column":28}},"locations":[{"start":{"line":69,"column":21},"end":{"line":69,"column":28}}]},"12":{"type":"branch","line":69,"loc":{"start":{"line":69,"column":21},"end":{"line":81,"column":26}},"locations":[{"start":{"line":69,"column":21},"end":{"line":81,"column":26}}]},"13":{"type":"branch","line":81,"loc":{"start":{"line":81,"column":26},"end":{"line":83,"column":5}},"locations":[{"start":{"line":81,"column":26},"end":{"line":83,"column":5}}]},"14":{"type":"branch","line":75,"loc":{"start":{"line":75,"column":37},"end":{"line":79,"column":5}},"locations":[{"start":{"line":75,"column":37},"end":{"line":79,"column":5}}]},"15":{"type":"branch","line":86,"loc":{"start":{"line":86,"column":9},"end":{"line":88,"column":3}},"locations":[{"start":{"line":86,"column":9},"end":{"line":88,"column":3}}]},"16":{"type":"branch","line":90,"loc":{"start":{"line":90,"column":10},"end":{"line":95,"column":3}},"locations":[{"start":{"line":90,"column":10},"end":{"line":95,"column":3}}]},"17":{"type":"branch","line":97,"loc":{"start":{"line":97,"column":9},"end":{"line":109,"column":3}},"locations":[{"start":{"line":97,"column":9},"end":{"line":109,"column":3}}]},"18":{"type":"branch","line":105,"loc":{"start":{"line":105,"column":49},"end":{"line":106,"column":49}},"locations":[{"start":{"line":105,"column":49},"end":{"line":106,"column":49}}]},"19":{"type":"branch","line":106,"loc":{"start":{"line":106,"column":40},"end":{"line":107,"column":51}},"locations":[{"start":{"line":106,"column":40},"end":{"line":107,"column":51}}]},"20":{"type":"branch","line":111,"loc":{"start":{"line":111,"column":9},"end":{"line":113,"column":3}},"locations":[{"start":{"line":111,"column":9},"end":{"line":113,"column":3}}]},"21":{"type":"branch","line":115,"loc":{"start":{"line":115,"column":9},"end":{"line":139,"column":3}},"locations":[{"start":{"line":115,"column":9},"end":{"line":139,"column":3}}]},"22":{"type":"branch","line":116,"loc":{"start":{"line":116,"column":13},"end":{"line":116,"column":37}},"locations":[{"start":{"line":116,"column":13},"end":{"line":116,"column":37}}]},"23":{"type":"branch","line":116,"loc":{"start":{"line":116,"column":37},"end":{"line":127,"column":22}},"locations":[{"start":{"line":116,"column":37},"end":{"line":127,"column":22}}]},"24":{"type":"branch","line":127,"loc":{"start":{"line":127,"column":22},"end":{"line":135,"column":11}},"locations":[{"start":{"line":127,"column":22},"end":{"line":135,"column":11}}]},"25":{"type":"branch","line":135,"loc":{"start":{"line":135,"column":4},"end":{"line":138,"column":5}},"locations":[{"start":{"line":135,"column":4},"end":{"line":138,"column":5}}]},"26":{"type":"branch","line":141,"loc":{"start":{"line":141,"column":9},"end":{"line":144,"column":3}},"locations":[{"start":{"line":141,"column":9},"end":{"line":144,"column":3}}]}},"b":{"0":[12],"1":[12],"2":[0],"3":[0],"4":[0],"5":[0],"6":[0],"7":[0],"8":[12],"9":[6],"10":[4],"11":[1],"12":[3],"13":[2],"14":[3],"15":[1],"16":[2],"17":[2],"18":[1],"19":[1],"20":[1],"21":[6],"22":[5],"23":[3],"24":[2],"25":[1],"26":[1]},"fnMap":{"0":{"name":"<instance_members_initializer>","decl":{"start":{"line":11,"column":41},"end":{"line":145,"column":1}},"loc":{"start":{"line":11,"column":41},"end":{"line":145,"column":1}},"line":11},"1":{"name":"Enemy","decl":{"start":{"line":19,"column":2},"end":{"line":36,"column":3}},"loc":{"start":{"line":19,"column":2},"end":{"line":36,"column":3}},"line":19},"2":{"name":"setupAnimations","decl":{"start":{"line":38,"column":10},"end":{"line":62,"column":3}},"loc":{"start":{"line":38,"column":10},"end":{"line":62,"column":3}},"line":38},"3":{"name":"setTarget","decl":{"start":{"line":64,"column":9},"end":{"line":66,"column":3}},"loc":{"start":{"line":64,"column":9},"end":{"line":66,"column":3}},"line":64},"4":{"name":"takeDamage","decl":{"start":{"line":68,"column":9},"end":{"line":84,"column":3}},"loc":{"start":{"line":68,"column":9},"end":{"line":84,"column":3}},"line":68},"5":{"name":"getDamage","decl":{"start":{"line":86,"column":9},"end":{"line":88,"column":3}},"loc":{"start":{"line":86,"column":9},"end":{"line":88,"column":3}},"line":86},"6":{"name":"die","decl":{"start":{"line":90,"column":10},"end":{"line":95,"column":3}},"loc":{"start":{"line":90,"column":10},"end":{"line":95,"column":3}},"line":90},"7":{"name":"isCollidingWith","decl":{"start":{"line":97,"column":9},"end":{"line":109,"column":3}},"loc":{"start":{"line":97,"column":9},"end":{"line":109,"column":3}},"line":97},"8":{"name":"getSprite","decl":{"start":{"line":111,"column":9},"end":{"line":113,"column":3}},"loc":{"start":{"line":111,"column":9},"end":{"line":113,"column":3}},"line":111},"9":{"name":"update","decl":{"start":{"line":115,"column":9},"end":{"line":139,"column":3}},"loc":{"start":{"line":115,"column":9},"end":{"line":139,"column":3}},"line":115},"10":{"name":"destroy","decl":{"start":{"line":141,"column":9},"end":{"line":144,"column":3}},"loc":{"start":{"line":141,"column":9},"end":{"line":144,"column":3}},"line":141}},"f":{"0":12,"1":12,"2":12,"3":6,"4":4,"5":1,"6":2,"7":2,"8":1,"9":6,"10":1}}
,"/home/lucca/Schreibtisch/repos/cgaa/src/components/Player.ts": {"path":"/home/lucca/Schreibtisch/repos/cgaa/src/components/Player.ts","all":false,"statementMap":{"0":{"start":{"line":1,"column":0},"end":{"line":1,"column":40}},"7":{"start":{"line":8,"column":0},"end":{"line":8,"column":43}},"8":{"start":{"line":9,"column":0},"end":{"line":9,"column":40}},"9":{"start":{"line":10,"column":0},"end":{"line":10,"column":24}},"10":{"start":{"line":11,"column":0},"end":{"line":11,"column":34}},"12":{"start":{"line":13,"column":0},"end":{"line":13,"column":37}},"13":{"start":{"line":14,"column":0},"end":{"line":14,"column":18}},"14":{"start":{"line":15,"column":0},"end":{"line":15,"column":37}},"17":{"start":{"line":18,"column":0},"end":{"line":18,"column":48}},"18":{"start":{"line":19,"column":0},"end":{"line":19,"column":20}},"19":{"start":{"line":20,"column":0},"end":{"line":20,"column":20}},"20":{"start":{"line":21,"column":0},"end":{"line":21,"column":32}},"21":{"start":{"line":22,"column":0},"end":{"line":22,"column":6}},"24":{"start":{"line":25,"column":0},"end":{"line":25,"column":44}},"25":{"start":{"line":26,"column":0},"end":{"line":26,"column":27}},"26":{"start":{"line":27,"column":0},"end":{"line":27,"column":3}},"28":{"start":{"line":29,"column":0},"end":{"line":29,"column":35}},"30":{"start":{"line":31,"column":0},"end":{"line":31,"column":50}},"31":{"start":{"line":32,"column":0},"end":{"line":32,"column":31}},"32":{"start":{"line":33,"column":0},"end":{"line":33,"column":27}},"33":{"start":{"line":34,"column":0},"end":{"line":34,"column":65}},"34":{"start":{"line":35,"column":0},"end":{"line":35,"column":19}},"35":{"start":{"line":36,"column":0},"end":{"line":36,"column":17}},"36":{"start":{"line":37,"column":0},"end":{"line":37,"column":11}},"37":{"start":{"line":38,"column":0},"end":{"line":38,"column":21}},"38":{"start":{"line":39,"column":0},"end":{"line":39,"column":9}},"39":{"start":{"line":40,"column":0},"end":{"line":40,"column":5}},"41":{"start":{"line":42,"column":0},"end":{"line":42,"column":50}},"42":{"start":{"line":43,"column":0},"end":{"line":43,"column":31}},"43":{"start":{"line":44,"column":0},"end":{"line":44,"column":27}},"44":{"start":{"line":45,"column":0},"end":{"line":45,"column":65}},"45":{"start":{"line":46,"column":0},"end":{"line":46,"column":19}},"46":{"start":{"line":47,"column":0},"end":{"line":47,"column":17}},"47":{"start":{"line":48,"column":0},"end":{"line":48,"column":11}},"48":{"start":{"line":49,"column":0},"end":{"line":49,"column":21}},"49":{"start":{"line":50,"column":0},"end":{"line":50,"column":19}},"50":{"start":{"line":51,"column":0},"end":{"line":51,"column":9}},"51":{"start":{"line":52,"column":0},"end":{"line":52,"column":5}},"52":{"start":{"line":53,"column":0},"end":{"line":53,"column":3}},"54":{"start":{"line":55,"column":0},"end":{"line":55,"column":50}},"55":{"start":{"line":56,"column":0},"end":{"line":56,"column":28}},"56":{"start":{"line":57,"column":0},"end":{"line":57,"column":60}},"59":{"start":{"line":60,"column":0},"end":{"line":60,"column":29}},"60":{"start":{"line":61,"column":0},"end":{"line":61,"column":50}},"61":{"start":{"line":62,"column":0},"end":{"line":62,"column":34}},"62":{"start":{"line":63,"column":0},"end":{"line":63,"column":12}},"63":{"start":{"line":64,"column":0},"end":{"line":64,"column":50}},"64":{"start":{"line":65,"column":0},"end":{"line":65,"column":5}},"65":{"start":{"line":66,"column":0},"end":{"line":66,"column":3}},"67":{"start":{"line":68,"column":0},"end":{"line":68,"column":22}},"68":{"start":{"line":69,"column":0},"end":{"line":69,"column":23}},"69":{"start":{"line":70,"column":0},"end":{"line":70,"column":34}},"70":{"start":{"line":71,"column":0},"end":{"line":71,"column":34}},"71":{"start":{"line":72,"column":0},"end":{"line":72,"column":22}},"72":{"start":{"line":73,"column":0},"end":{"line":73,"column":3}},"74":{"start":{"line":75,"column":0},"end":{"line":75,"column":34}},"79":{"start":{"line":80,"column":0},"end":{"line":80,"column":15}},"80":{"start":{"line":81,"column":0},"end":{"line":81,"column":12}},"81":{"start":{"line":82,"column":0},"end":{"line":82,"column":48}},"82":{"start":{"line":83,"column":0},"end":{"line":83,"column":53}},"83":{"start":{"line":84,"column":0},"end":{"line":84,"column":49}},"84":{"start":{"line":85,"column":0},"end":{"line":85,"column":51}},"86":{"start":{"line":87,"column":0},"end":{"line":87,"column":3}},"88":{"start":{"line":89,"column":0},"end":{"line":89,"column":45}},"89":{"start":{"line":90,"column":0},"end":{"line":90,"column":23}},"90":{"start":{"line":91,"column":0},"end":{"line":91,"column":3}},"92":{"start":{"line":93,"column":0},"end":{"line":93,"column":52}},"94":{"start":{"line":95,"column":0},"end":{"line":95,"column":3}},"96":{"start":{"line":97,"column":0},"end":{"line":97,"column":26}},"97":{"start":{"line":98,"column":0},"end":{"line":98,"column":20}},"98":{"start":{"line":99,"column":0},"end":{"line":99,"column":26}},"99":{"start":{"line":100,"column":0},"end":{"line":100,"column":3}},"100":{"start":{"line":101,"column":0},"end":{"line":101,"column":1}}},"s":{"0":1,"7":1,"8":9,"9":9,"10":9,"12":9,"13":9,"14":9,"17":9,"18":9,"19":9,"20":9,"21":9,"24":9,"25":9,"26":9,"28":9,"30":9,"31":9,"32":9,"33":9,"34":9,"35":9,"36":9,"37":9,"38":9,"39":9,"41":9,"42":9,"43":9,"44":9,"45":9,"46":9,"47":9,"48":9,"49":9,"50":9,"51":9,"52":9,"54":9,"55":4,"56":3,"59":4,"60":2,"61":2,"62":4,"63":1,"64":1,"65":4,"67":9,"68":1,"69":1,"70":1,"71":1,"72":1,"74":9,"79":2,"80":2,"81":2,"82":2,"83":1,"84":1,"86":2,"88":9,"89":1,"90":1,"92":9,"94":1,"96":9,"97":1,"98":1,"99":1,"100":9},"branchMap":{"0":{"type":"branch","line":8,"loc":{"start":{"line":8,"column":42},"end":{"line":101,"column":1}},"locations":[{"start":{"line":8,"column":42},"end":{"line":101,"column":1}}]},"1":{"type":"branch","line":13,"loc":{"start":{"line":13,"column":2},"end":{"line":27,"column":3}},"locations":[{"start":{"line":13,"column":2},"end":{"line":27,"column":3}}]},"2":{"type":"branch","line":15,"loc":{"start":{"line":15,"column":24},"end":{"line":15,"column":37}},"locations":[{"start":{"line":15,"column":24},"end":{"line":15,"column":37}}]},"3":{"type":"branch","line":19,"loc":{"start":{"line":19,"column":13},"end":{"line":19,"column":20}},"locations":[{"start":{"line":19,"column":13},"end":{"line":19,"column":20}}]},"4":{"type":"branch","line":20,"loc":{"start":{"line":20,"column":13},"end":{"line":20,"column":20}},"locations":[{"start":{"line":20,"column":13},"end":{"line":20,"column":20}}]},"5":{"type":"branch","line":21,"loc":{"start":{"line":21,"column":13},"end":{"line":21,"column":32}},"locations":[{"start":{"line":21,"column":13},"end":{"line":21,"column":32}}]},"6":{"type":"branch","line":29,"loc":{"start":{"line":29,"column":10},"end":{"line":53,"column":3}},"locations":[{"start":{"line":29,"column":10},"end":{"line":53,"column":3}}]},"7":{"type":"branch","line":55,"loc":{"start":{"line":55,"column":9},"end":{"line":66,"column":3}},"locations":[{"start":{"line":55,"column":9},"end":{"line":66,"column":3}}]},"8":{"type":"branch","line":56,"loc":{"start":{"line":56,"column":21},"end":{"line":56,"column":28}},"locations":[{"start":{"line":56,"column":21},"end":{"line":56,"column":28}}]},"9":{"type":"branch","line":56,"loc":{"start":{"line":56,"column":21},"end":{"line":60,"column":19}},"locations":[{"start":{"line":56,"column":21},"end":{"line":60,"column":19}}]},"10":{"type":"branch","line":60,"loc":{"start":{"line":60,"column":14},"end":{"line":60,"column":28}},"locations":[{"start":{"line":60,"column":14},"end":{"line":60,"column":28}}]},"11":{"type":"branch","line":60,"loc":{"start":{"line":60,"column":28},"end":{"line":63,"column":11}},"locations":[{"start":{"line":60,"column":28},"end":{"line":63,"column":11}}]},"12":{"type":"branch","line":63,"loc":{"start":{"line":63,"column":4},"end":{"line":65,"column":5}},"locations":[{"start":{"line":63,"column":4},"end":{"line":65,"column":5}}]},"13":{"type":"branch","line":68,"loc":{"start":{"line":68,"column":9},"end":{"line":73,"column":3}},"locations":[{"start":{"line":68,"column":9},"end":{"line":73,"column":3}}]},"14":{"type":"branch","line":75,"loc":{"start":{"line":75,"column":9},"end":{"line":87,"column":3}},"locations":[{"start":{"line":75,"column":9},"end":{"line":87,"column":3}}]},"15":{"type":"branch","line":83,"loc":{"start":{"line":83,"column":49},"end":{"line":84,"column":49}},"locations":[{"start":{"line":83,"column":49},"end":{"line":84,"column":49}}]},"16":{"type":"branch","line":84,"loc":{"start":{"line":84,"column":40},"end":{"line":85,"column":51}},"locations":[{"start":{"line":84,"column":40},"end":{"line":85,"column":51}}]},"17":{"type":"branch","line":89,"loc":{"start":{"line":89,"column":9},"end":{"line":91,"column":3}},"locations":[{"start":{"line":89,"column":9},"end":{"line":91,"column":3}}]},"18":{"type":"branch","line":93,"loc":{"start":{"line":93,"column":9},"end":{"line":95,"column":3}},"locations":[{"start":{"line":93,"column":9},"end":{"line":95,"column":3}}]},"19":{"type":"branch","line":97,"loc":{"start":{"line":97,"column":9},"end":{"line":100,"column":3}},"locations":[{"start":{"line":97,"column":9},"end":{"line":100,"column":3}}]}},"b":{"0":[9],"1":[9],"2":[1],"3":[1],"4":[1],"5":[0],"6":[9],"7":[4],"8":[1],"9":[3],"10":[1],"11":[2],"12":[1],"13":[1],"14":[2],"15":[1],"16":[1],"17":[1],"18":[1],"19":[1]},"fnMap":{"0":{"name":"<instance_members_initializer>","decl":{"start":{"line":8,"column":42},"end":{"line":101,"column":1}},"loc":{"start":{"line":8,"column":42},"end":{"line":101,"column":1}},"line":8},"1":{"name":"Player","decl":{"start":{"line":13,"column":2},"end":{"line":27,"column":3}},"loc":{"start":{"line":13,"column":2},"end":{"line":27,"column":3}},"line":13},"2":{"name":"setupAnimations","decl":{"start":{"line":29,"column":10},"end":{"line":53,"column":3}},"loc":{"start":{"line":29,"column":10},"end":{"line":53,"column":3}},"line":29},"3":{"name":"setVelocity","decl":{"start":{"line":55,"column":9},"end":{"line":66,"column":3}},"loc":{"start":{"line":55,"column":9},"end":{"line":66,"column":3}},"line":55},"4":{"name":"die","decl":{"start":{"line":68,"column":9},"end":{"line":73,"column":3}},"loc":{"start":{"line":68,"column":9},"end":{"line":73,"column":3}},"line":68},"5":{"name":"isCollidingWith","decl":{"start":{"line":75,"column":9},"end":{"line":87,"column":3}},"loc":{"start":{"line":75,"column":9},"end":{"line":87,"column":3}},"line":75},"6":{"name":"getSprite","decl":{"start":{"line":89,"column":9},"end":{"line":91,"column":3}},"loc":{"start":{"line":89,"column":9},"end":{"line":91,"column":3}},"line":89},"7":{"name":"update","decl":{"start":{"line":93,"column":9},"end":{"line":95,"column":3}},"loc":{"start":{"line":93,"column":9},"end":{"line":95,"column":3}},"line":93},"8":{"name":"destroy","decl":{"start":{"line":97,"column":9},"end":{"line":100,"column":3}},"loc":{"start":{"line":97,"column":9},"end":{"line":100,"column":3}},"line":97}},"f":{"0":9,"1":9,"2":9,"3":4,"4":1,"5":2,"6":1,"7":1,"8":1}}
,"/home/lucca/Schreibtisch/repos/cgaa/src/scenes/Boot.ts": {"path":"/home/lucca/Schreibtisch/repos/cgaa/src/scenes/Boot.ts","all":false,"statementMap":{"0":{"start":{"line":1,"column":0},"end":{"line":1,"column":31}},"2":{"start":{"line":3,"column":0},"end":{"line":3,"column":31}},"3":{"start":{"line":4,"column":0},"end":{"line":4,"column":1}},"4":{"start":{"line":5,"column":0},"end":{"line":5,"column":18}},"5":{"start":{"line":6,"column":0},"end":{"line":6,"column":5}},"6":{"start":{"line":7,"column":0},"end":{"line":7,"column":22}},"7":{"start":{"line":8,"column":0},"end":{"line":8,"column":5}},"9":{"start":{"line":10,"column":0},"end":{"line":10,"column":14}},"10":{"start":{"line":11,"column":0},"end":{"line":11,"column":5}},"14":{"start":{"line":15,"column":0},"end":{"line":15,"column":55}},"15":{"start":{"line":16,"column":0},"end":{"line":16,"column":5}},"17":{"start":{"line":18,"column":0},"end":{"line":18,"column":13}},"18":{"start":{"line":19,"column":0},"end":{"line":19,"column":5}},"19":{"start":{"line":20,"column":0},"end":{"line":20,"column":38}},"20":{"start":{"line":21,"column":0},"end":{"line":21,"column":5}},"21":{"start":{"line":22,"column":0},"end":{"line":22,"column":1}}},"s":{"0":1,"2":1,"3":1,"4":1,"5":4,"6":4,"7":4,"9":1,"10":1,"14":1,"15":1,"17":1,"18":1,"19":1,"20":1,"21":1},"branchMap":{"0":{"type":"branch","line":5,"loc":{"start":{"line":5,"column":4},"end":{"line":8,"column":5}},"locations":[{"start":{"line":5,"column":4},"end":{"line":8,"column":5}}]},"1":{"type":"branch","line":10,"loc":{"start":{"line":10,"column":4},"end":{"line":16,"column":5}},"locations":[{"start":{"line":10,"column":4},"end":{"line":16,"column":5}}]},"2":{"type":"branch","line":18,"loc":{"start":{"line":18,"column":4},"end":{"line":21,"column":5}},"locations":[{"start":{"line":18,"column":4},"end":{"line":21,"column":5}}]}},"b":{"0":[4],"1":[1],"2":[1]},"fnMap":{"0":{"name":"Boot","decl":{"start":{"line":5,"column":4},"end":{"line":8,"column":5}},"loc":{"start":{"line":5,"column":4},"end":{"line":8,"column":5}},"line":5},"1":{"name":"preload","decl":{"start":{"line":10,"column":4},"end":{"line":16,"column":5}},"loc":{"start":{"line":10,"column":4},"end":{"line":16,"column":5}},"line":10},"2":{"name":"create","decl":{"start":{"line":18,"column":4},"end":{"line":21,"column":5}},"loc":{"start":{"line":18,"column":4},"end":{"line":21,"column":5}},"line":18}},"f":{"0":4,"1":1,"2":1}}
,"/home/lucca/Schreibtisch/repos/cgaa/src/scenes/Game.ts": {"path":"/home/lucca/Schreibtisch/repos/cgaa/src/scenes/Game.ts","all":false,"statementMap":{"0":{"start":{"line":1,"column":0},"end":{"line":1,"column":31}},"2":{"start":{"line":3,"column":0},"end":{"line":3,"column":31}},"3":{"start":{"line":4,"column":0},"end":{"line":4,"column":1}},"4":{"start":{"line":5,"column":0},"end":{"line":5,"column":42}},"5":{"start":{"line":6,"column":0},"end":{"line":6,"column":41}},"6":{"start":{"line":7,"column":0},"end":{"line":7,"column":39}},"8":{"start":{"line":9,"column":0},"end":{"line":9,"column":18}},"9":{"start":{"line":10,"column":0},"end":{"line":10,"column":5}},"10":{"start":{"line":11,"column":0},"end":{"line":11,"column":22}},"11":{"start":{"line":12,"column":0},"end":{"line":12,"column":5}},"13":{"start":{"line":14,"column":0},"end":{"line":14,"column":13}},"14":{"start":{"line":15,"column":0},"end":{"line":15,"column":5}},"15":{"start":{"line":16,"column":0},"end":{"line":16,"column":40}},"16":{"start":{"line":17,"column":0},"end":{"line":17,"column":49}},"18":{"start":{"line":19,"column":0},"end":{"line":19,"column":65}},"19":{"start":{"line":20,"column":0},"end":{"line":20,"column":38}},"21":{"start":{"line":22,"column":0},"end":{"line":22,"column":114}},"22":{"start":{"line":23,"column":0},"end":{"line":23,"column":70}},"23":{"start":{"line":24,"column":0},"end":{"line":24,"column":50}},"24":{"start":{"line":25,"column":0},"end":{"line":25,"column":27}},"25":{"start":{"line":26,"column":0},"end":{"line":26,"column":11}},"26":{"start":{"line":27,"column":0},"end":{"line":27,"column":37}},"28":{"start":{"line":29,"column":0},"end":{"line":29,"column":46}},"30":{"start":{"line":31,"column":0},"end":{"line":31,"column":41}},"32":{"start":{"line":33,"column":0},"end":{"line":33,"column":11}},"33":{"start":{"line":34,"column":0},"end":{"line":34,"column":5}},"34":{"start":{"line":35,"column":0},"end":{"line":35,"column":1}}},"s":{"0":1,"2":1,"3":6,"4":6,"5":6,"6":6,"8":6,"9":6,"10":6,"11":6,"13":6,"14":4,"15":4,"16":4,"18":4,"19":4,"21":4,"22":4,"23":4,"24":4,"25":4,"26":4,"28":4,"30":1,"32":4,"33":4,"34":6},"branchMap":{"0":{"type":"branch","line":4,"loc":{"start":{"line":4,"column":0},"end":{"line":35,"column":1}},"locations":[{"start":{"line":4,"column":0},"end":{"line":35,"column":1}}]},"1":{"type":"branch","line":9,"loc":{"start":{"line":9,"column":4},"end":{"line":12,"column":5}},"locations":[{"start":{"line":9,"column":4},"end":{"line":12,"column":5}}]},"2":{"type":"branch","line":14,"loc":{"start":{"line":14,"column":4},"end":{"line":34,"column":5}},"locations":[{"start":{"line":14,"column":4},"end":{"line":34,"column":5}}]},"3":{"type":"branch","line":29,"loc":{"start":{"line":29,"column":39},"end":{"line":33,"column":9}},"locations":[{"start":{"line":29,"column":39},"end":{"line":33,"column":9}}]}},"b":{"0":[6],"1":[6],"2":[4],"3":[1]},"fnMap":{"0":{"name":"<instance_members_initializer>","decl":{"start":{"line":4,"column":0},"end":{"line":35,"column":1}},"loc":{"start":{"line":4,"column":0},"end":{"line":35,"column":1}},"line":4},"1":{"name":"Game","decl":{"start":{"line":9,"column":4},"end":{"line":12,"column":5}},"loc":{"start":{"line":9,"column":4},"end":{"line":12,"column":5}},"line":9},"2":{"name":"create","decl":{"start":{"line":14,"column":4},"end":{"line":34,"column":5}},"loc":{"start":{"line":14,"column":4},"end":{"line":34,"column":5}},"line":14}},"f":{"0":6,"1":6,"2":4}}
,"/home/lucca/Schreibtisch/repos/cgaa/src/scenes/GameOver.ts": {"path":"/home/lucca/Schreibtisch/repos/cgaa/src/scenes/GameOver.ts","all":false,"statementMap":{"0":{"start":{"line":1,"column":0},"end":{"line":1,"column":31}},"2":{"start":{"line":3,"column":0},"end":{"line":3,"column":35}},"3":{"start":{"line":4,"column":0},"end":{"line":4,"column":1}},"4":{"start":{"line":5,"column":0},"end":{"line":5,"column":42}},"5":{"start":{"line":6,"column":0},"end":{"line":6,"column":41}},"6":{"start":{"line":7,"column":0},"end":{"line":7,"column":44}},"8":{"start":{"line":9,"column":0},"end":{"line":9,"column":18}},"9":{"start":{"line":10,"column":0},"end":{"line":10,"column":5}},"10":{"start":{"line":11,"column":0},"end":{"line":11,"column":26}},"11":{"start":{"line":12,"column":0},"end":{"line":12,"column":5}},"13":{"start":{"line":14,"column":0},"end":{"line":14,"column":13}},"14":{"start":{"line":15,"column":0},"end":{"line":15,"column":5}},"15":{"start":{"line":16,"column":0},"end":{"line":16,"column":39}},"16":{"start":{"line":17,"column":0},"end":{"line":17,"column":49}},"18":{"start":{"line":19,"column":0},"end":{"line":19,"column":65}},"19":{"start":{"line":20,"column":0},"end":{"line":20,"column":38}},"21":{"start":{"line":22,"column":0},"end":{"line":22,"column":67}},"22":{"start":{"line":23,"column":0},"end":{"line":23,"column":70}},"23":{"start":{"line":24,"column":0},"end":{"line":24,"column":50}},"24":{"start":{"line":25,"column":0},"end":{"line":25,"column":27}},"25":{"start":{"line":26,"column":0},"end":{"line":26,"column":11}},"26":{"start":{"line":27,"column":0},"end":{"line":27,"column":42}},"28":{"start":{"line":29,"column":0},"end":{"line":29,"column":46}},"30":{"start":{"line":31,"column":0},"end":{"line":31,"column":41}},"32":{"start":{"line":33,"column":0},"end":{"line":33,"column":11}},"33":{"start":{"line":34,"column":0},"end":{"line":34,"column":5}},"34":{"start":{"line":35,"column":0},"end":{"line":35,"column":1}}},"s":{"0":1,"2":1,"3":6,"4":6,"5":6,"6":6,"8":6,"9":6,"10":6,"11":6,"13":6,"14":4,"15":4,"16":4,"18":4,"19":4,"21":4,"22":4,"23":4,"24":4,"25":4,"26":4,"28":4,"30":1,"32":4,"33":4,"34":6},"branchMap":{"0":{"type":"branch","line":4,"loc":{"start":{"line":4,"column":0},"end":{"line":35,"column":1}},"locations":[{"start":{"line":4,"column":0},"end":{"line":35,"column":1}}]},"1":{"type":"branch","line":9,"loc":{"start":{"line":9,"column":4},"end":{"line":12,"column":5}},"locations":[{"start":{"line":9,"column":4},"end":{"line":12,"column":5}}]},"2":{"type":"branch","line":14,"loc":{"start":{"line":14,"column":4},"end":{"line":34,"column":5}},"locations":[{"start":{"line":14,"column":4},"end":{"line":34,"column":5}}]},"3":{"type":"branch","line":29,"loc":{"start":{"line":29,"column":39},"end":{"line":33,"column":9}},"locations":[{"start":{"line":29,"column":39},"end":{"line":33,"column":9}}]}},"b":{"0":[6],"1":[6],"2":[4],"3":[1]},"fnMap":{"0":{"name":"<instance_members_initializer>","decl":{"start":{"line":4,"column":0},"end":{"line":35,"column":1}},"loc":{"start":{"line":4,"column":0},"end":{"line":35,"column":1}},"line":4},"1":{"name":"GameOver","decl":{"start":{"line":9,"column":4},"end":{"line":12,"column":5}},"loc":{"start":{"line":9,"column":4},"end":{"line":12,"column":5}},"line":9},"2":{"name":"create","decl":{"start":{"line":14,"column":4},"end":{"line":34,"column":5}},"loc":{"start":{"line":14,"column":4},"end":{"line":34,"column":5}},"line":14}},"f":{"0":6,"1":6,"2":4}}
,"/home/lucca/Schreibtisch/repos/cgaa/src/scenes/MainMenu.ts": {"path":"/home/lucca/Schreibtisch/repos/cgaa/src/scenes/MainMenu.ts","all":false,"statementMap":{"0":{"start":{"line":1,"column":0},"end":{"line":1,"column":44}},"2":{"start":{"line":3,"column":0},"end":{"line":3,"column":35}},"3":{"start":{"line":4,"column":0},"end":{"line":4,"column":1}},"4":{"start":{"line":5,"column":0},"end":{"line":5,"column":34}},"5":{"start":{"line":6,"column":0},"end":{"line":6,"column":28}},"6":{"start":{"line":7,"column":0},"end":{"line":7,"column":28}},"8":{"start":{"line":9,"column":0},"end":{"line":9,"column":18}},"9":{"start":{"line":10,"column":0},"end":{"line":10,"column":5}},"10":{"start":{"line":11,"column":0},"end":{"line":11,"column":26}},"11":{"start":{"line":12,"column":0},"end":{"line":12,"column":5}},"13":{"start":{"line":14,"column":0},"end":{"line":14,"column":13}},"14":{"start":{"line":15,"column":0},"end":{"line":15,"column":5}},"15":{"start":{"line":16,"column":0},"end":{"line":16,"column":65}},"17":{"start":{"line":18,"column":0},"end":{"line":18,"column":53}},"19":{"start":{"line":20,"column":0},"end":{"line":20,"column":59}},"20":{"start":{"line":21,"column":0},"end":{"line":21,"column":70}},"21":{"start":{"line":22,"column":0},"end":{"line":22,"column":50}},"22":{"start":{"line":23,"column":0},"end":{"line":23,"column":27}},"23":{"start":{"line":24,"column":0},"end":{"line":24,"column":26}},"25":{"start":{"line":26,"column":0},"end":{"line":26,"column":46}},"27":{"start":{"line":28,"column":0},"end":{"line":28,"column":37}},"29":{"start":{"line":30,"column":0},"end":{"line":30,"column":11}},"30":{"start":{"line":31,"column":0},"end":{"line":31,"column":5}},"31":{"start":{"line":32,"column":0},"end":{"line":32,"column":1}}},"s":{"0":1,"2":1,"3":6,"4":6,"5":6,"6":6,"8":6,"9":6,"10":6,"11":6,"13":6,"14":4,"15":4,"17":4,"19":4,"20":4,"21":4,"22":4,"23":4,"25":4,"27":1,"29":4,"30":4,"31":6},"branchMap":{"0":{"type":"branch","line":4,"loc":{"start":{"line":4,"column":0},"end":{"line":32,"column":1}},"locations":[{"start":{"line":4,"column":0},"end":{"line":32,"column":1}}]},"1":{"type":"branch","line":9,"loc":{"start":{"line":9,"column":4},"end":{"line":12,"column":5}},"locations":[{"start":{"line":9,"column":4},"end":{"line":12,"column":5}}]},"2":{"type":"branch","line":14,"loc":{"start":{"line":14,"column":4},"end":{"line":31,"column":5}},"locations":[{"start":{"line":14,"column":4},"end":{"line":31,"column":5}}]},"3":{"type":"branch","line":26,"loc":{"start":{"line":26,"column":39},"end":{"line":30,"column":9}},"locations":[{"start":{"line":26,"column":39},"end":{"line":30,"column":9}}]}},"b":{"0":[6],"1":[6],"2":[4],"3":[1]},"fnMap":{"0":{"name":"<instance_members_initializer>","decl":{"start":{"line":4,"column":0},"end":{"line":32,"column":1}},"loc":{"start":{"line":4,"column":0},"end":{"line":32,"column":1}},"line":4},"1":{"name":"MainMenu","decl":{"start":{"line":9,"column":4},"end":{"line":12,"column":5}},"loc":{"start":{"line":9,"column":4},"end":{"line":12,"column":5}},"line":9},"2":{"name":"create","decl":{"start":{"line":14,"column":4},"end":{"line":31,"column":5}},"loc":{"start":{"line":14,"column":4},"end":{"line":31,"column":5}},"line":14}},"f":{"0":6,"1":6,"2":4}}
,"/home/lucca/Schreibtisch/repos/cgaa/src/scenes/Preloader.ts": {"path":"/home/lucca/Schreibtisch/repos/cgaa/src/scenes/Preloader.ts","all":false,"statementMap":{"0":{"start":{"line":1,"column":0},"end":{"line":1,"column":31}},"2":{"start":{"line":3,"column":0},"end":{"line":3,"column":36}},"3":{"start":{"line":4,"column":0},"end":{"line":4,"column":1}},"4":{"start":{"line":5,"column":0},"end":{"line":5,"column":18}},"5":{"start":{"line":6,"column":0},"end":{"line":6,"column":5}},"6":{"start":{"line":7,"column":0},"end":{"line":7,"column":27}},"7":{"start":{"line":8,"column":0},"end":{"line":8,"column":5}},"9":{"start":{"line":10,"column":0},"end":{"line":10,"column":11}},"10":{"start":{"line":11,"column":0},"end":{"line":11,"column":5}},"12":{"start":{"line":13,"column":0},"end":{"line":13,"column":47}},"15":{"start":{"line":16,"column":0},"end":{"line":16,"column":74}},"18":{"start":{"line":19,"column":0},"end":{"line":19,"column":70}},"21":{"start":{"line":22,"column":0},"end":{"line":22,"column":56}},"24":{"start":{"line":25,"column":0},"end":{"line":25,"column":45}},"26":{"start":{"line":27,"column":0},"end":{"line":27,"column":11}},"27":{"start":{"line":28,"column":0},"end":{"line":28,"column":5}},"29":{"start":{"line":30,"column":0},"end":{"line":30,"column":14}},"30":{"start":{"line":31,"column":0},"end":{"line":31,"column":5}},"32":{"start":{"line":33,"column":0},"end":{"line":33,"column":36}},"34":{"start":{"line":35,"column":0},"end":{"line":35,"column":44}},"35":{"start":{"line":36,"column":0},"end":{"line":36,"column":5}},"37":{"start":{"line":38,"column":0},"end":{"line":38,"column":13}},"38":{"start":{"line":39,"column":0},"end":{"line":39,"column":5}},"43":{"start":{"line":44,"column":0},"end":{"line":44,"column":37}},"44":{"start":{"line":45,"column":0},"end":{"line":45,"column":5}},"45":{"start":{"line":46,"column":0},"end":{"line":46,"column":1}}},"s":{"0":1,"2":1,"3":1,"4":1,"5":9,"6":9,"7":9,"9":1,"10":4,"12":4,"15":4,"18":4,"21":4,"24":1,"26":4,"27":4,"29":1,"30":2,"32":2,"34":2,"35":2,"37":1,"38":1,"43":1,"44":1,"45":1},"branchMap":{"0":{"type":"branch","line":5,"loc":{"start":{"line":5,"column":4},"end":{"line":8,"column":5}},"locations":[{"start":{"line":5,"column":4},"end":{"line":8,"column":5}}]},"1":{"type":"branch","line":10,"loc":{"start":{"line":10,"column":4},"end":{"line":28,"column":5}},"locations":[{"start":{"line":10,"column":4},"end":{"line":28,"column":5}}]},"2":{"type":"branch","line":22,"loc":{"start":{"line":22,"column":33},"end":{"line":27,"column":9}},"locations":[{"start":{"line":22,"column":33},"end":{"line":27,"column":9}}]},"3":{"type":"branch","line":30,"loc":{"start":{"line":30,"column":4},"end":{"line":36,"column":5}},"locations":[{"start":{"line":30,"column":4},"end":{"line":36,"column":5}}]},"4":{"type":"branch","line":38,"loc":{"start":{"line":38,"column":4},"end":{"line":45,"column":5}},"locations":[{"start":{"line":38,"column":4},"end":{"line":45,"column":5}}]}},"b":{"0":[9],"1":[4],"2":[1],"3":[2],"4":[1]},"fnMap":{"0":{"name":"Preloader","decl":{"start":{"line":5,"column":4},"end":{"line":8,"column":5}},"loc":{"start":{"line":5,"column":4},"end":{"line":8,"column":5}},"line":5},"1":{"name":"init","decl":{"start":{"line":10,"column":4},"end":{"line":28,"column":5}},"loc":{"start":{"line":10,"column":4},"end":{"line":28,"column":5}},"line":10},"2":{"name":"preload","decl":{"start":{"line":30,"column":4},"end":{"line":36,"column":5}},"loc":{"start":{"line":30,"column":4},"end":{"line":36,"column":5}},"line":30},"3":{"name":"create","decl":{"start":{"line":38,"column":4},"end":{"line":45,"column":5}},"loc":{"start":{"line":38,"column":4},"end":{"line":45,"column":5}},"line":38}},"f":{"0":9,"1":4,"2":2,"3":1}}
}
